<?xml version="1.0" encoding="UTF-8"?>
<!-- Generated by org.testng.reporters.JUnitXMLReporter -->
<testsuite ignored="2" hostname="JJ" failures="0" tests="2" name="Default test" time="12.583" errors="0" timestamp="2022-06-18T14:42:05 EDT">
  <testcase classname="testLayerPackage.YourStoreTest" name="AssignmentTwo" time="2.104"/>
  <testcase classname="testLayerPackage.YourStoreTest" name="AssignmentTwo" time="2.092"/>
  <testcase classname="testLayerPackage.YourStoreTest" name="AssignmentOne" time="0.0">
    <ignored/>
  </testcase> <!-- AssignmentOne -->
  <testcase classname="testLayerPackage.YourStoreTest" name="test" time="0.0">
    <ignored/>
  </testcase> <!-- test -->
</testsuite> <!-- Default test -->
