<?xml version="1.0" encoding="UTF-8"?>
<testng-results ignored="2" total="4" passed="2" failed="0" skipped="0">
  <reporter-output>
  </reporter-output>
  <suite started-at="2022-06-18T14:41:52 EDT" name="Default suite" finished-at="2022-06-18T14:42:05 EDT" duration-ms="12583">
    <groups>
    </groups>
    <test started-at="2022-06-18T14:41:52 EDT" name="Default test" finished-at="2022-06-18T14:42:05 EDT" duration-ms="12583">
      <class name="testLayerPackage.YourStoreTest">
        <test-method is-config="true" signature="preSetup()[pri:0, instance:testLayerPackage.YourStoreTest@74e52303]" started-at="2022-06-18T14:41:52 EDT" name="preSetup" finished-at="2022-06-18T14:41:56 EDT" duration-ms="4023" status="PASS">
          <reporter-output>
          </reporter-output>
        </test-method> <!-- preSetup -->
        <test-method signature="AssignmentTwo(java.lang.String,java.lang.String)[pri:2, instance:testLayerPackage.YourStoreTest@74e52303]" started-at="2022-06-18T14:41:56 EDT" name="AssignmentTwo" data-provider="LoginPageTest" finished-at="2022-06-18T14:41:59 EDT" duration-ms="2104" status="PASS">
          <params>
            <param index="0">
              <value>
                <![CDATA[johndoe@yahoo.com]]>
              </value>
            </param>
            <param index="1">
              <value>
                <![CDATA[johN@123]]>
              </value>
            </param>
          </params>
          <reporter-output>
          </reporter-output>
        </test-method> <!-- AssignmentTwo -->
        <test-method is-config="true" signature="closeBrowser()[pri:0, instance:testLayerPackage.YourStoreTest@74e52303]" started-at="2022-06-18T14:41:59 EDT" name="closeBrowser" finished-at="2022-06-18T14:41:59 EDT" duration-ms="101" status="PASS">
          <reporter-output>
          </reporter-output>
        </test-method> <!-- closeBrowser -->
        <test-method is-config="true" signature="preSetup()[pri:0, instance:testLayerPackage.YourStoreTest@74e52303]" started-at="2022-06-18T14:41:59 EDT" name="preSetup" finished-at="2022-06-18T14:42:02 EDT" duration-ms="3659" status="PASS">
          <reporter-output>
          </reporter-output>
        </test-method> <!-- preSetup -->
        <test-method signature="AssignmentTwo(java.lang.String,java.lang.String)[pri:2, instance:testLayerPackage.YourStoreTest@74e52303]" started-at="2022-06-18T14:42:02 EDT" name="AssignmentTwo" data-provider="LoginPageTest" finished-at="2022-06-18T14:42:04 EDT" duration-ms="2092" status="PASS">
          <params>
            <param index="0">
              <value>
                <![CDATA[johndoe@gmail.com]]>
              </value>
            </param>
            <param index="1">
              <value>
                <![CDATA[abcdef]]>
              </value>
            </param>
          </params>
          <reporter-output>
          </reporter-output>
        </test-method> <!-- AssignmentTwo -->
        <test-method is-config="true" signature="closeBrowser()[pri:0, instance:testLayerPackage.YourStoreTest@74e52303]" started-at="2022-06-18T14:42:04 EDT" name="closeBrowser" finished-at="2022-06-18T14:42:05 EDT" duration-ms="100" status="PASS">
          <reporter-output>
          </reporter-output>
        </test-method> <!-- closeBrowser -->
      </class> <!-- testLayerPackage.YourStoreTest -->
    </test> <!-- Default test -->
  </suite> <!-- Default suite -->
</testng-results>
